This file contains any messages produced by compilers while
running configure, to aid debugging if configure makes a mistake.

It was created by boss configure 3.00, which was
generated by GNU Autoconf 2.69.  Invocation command line was

  $ ./configure 

## --------- ##
## Platform. ##
## --------- ##

hostname = MINT-PC
uname -m = x86_64
uname -r = 3.13.0-24-generic
uname -s = Linux
uname -v = #47-Ubuntu SMP Fri May 2 23:30:00 UTC 2014

/usr/bin/uname -p = unknown
/bin/uname -X     = unknown

/bin/arch              = unknown
/usr/bin/arch -k       = unknown
/usr/convex/getsysinfo = unknown
/usr/bin/hostinfo      = unknown
/bin/machine           = unknown
/usr/bin/oslevel       = unknown
/bin/universe          = unknown

PATH: /home/sven/Programme/go/bin
PATH: /home/sven/Programme/java/fop
PATH: /opt/jruby/bin
PATH: /home/sven/Programme/java/eclipse
PATH: /home/sven/Programme/java/grails/bin
PATH: /home/sven/Programme/java/groovy/bin
PATH: /home/sven/Programme/java/gradle/bin
PATH: /home/sven/Programme/java/maven/bin
PATH: /home/sven/Programme/java/ant/bin
PATH: /home/sven/bin
PATH: /opt/Komodo/bin
PATH: /usr/local/sbin
PATH: /usr/local/bin
PATH: /usr/sbin
PATH: /usr/bin
PATH: /sbin
PATH: /bin
PATH: /usr/games
PATH: /usr/local/games


## ----------- ##
## Core tests. ##
## ----------- ##

configure:2585: checking for a BSD-compatible install
configure:2653: result: /usr/bin/install -c
configure:2664: checking whether build environment is sane
configure:2714: result: yes
configure:2855: checking for a thread-safe mkdir -p
configure:2894: result: /bin/mkdir -p
configure:2907: checking for gawk
configure:2923: found /usr/bin/gawk
configure:2934: result: gawk
configure:2945: checking whether make sets $(MAKE)
configure:2967: result: yes
configure:3114: checking for g++
configure:3130: found /usr/bin/g++
configure:3141: result: g++
configure:3168: checking for C++ compiler version
configure:3177: g++ --version >&5
g++ (Ubuntu 4.8.4-2ubuntu1~14.04.3) 4.8.4
Copyright (C) 2013 Free Software Foundation, Inc.
This is free software; see the source for copying conditions.  There is NO
warranty; not even for MERCHANTABILITY or FITNESS FOR A PARTICULAR PURPOSE.

configure:3188: $? = 0
configure:3177: g++ -v >&5
Using built-in specs.
COLLECT_GCC=g++
COLLECT_LTO_WRAPPER=/usr/lib/gcc/x86_64-linux-gnu/4.8/lto-wrapper
Target: x86_64-linux-gnu
Configured with: ../src/configure -v --with-pkgversion='Ubuntu 4.8.4-2ubuntu1~14.04.3' --with-bugurl=file:///usr/share/doc/gcc-4.8/README.Bugs --enable-languages=c,c++,java,go,d,fortran,objc,obj-c++ --prefix=/usr --program-suffix=-4.8 --enable-shared --enable-linker-build-id --libexecdir=/usr/lib --without-included-gettext --enable-threads=posix --with-gxx-include-dir=/usr/include/c++/4.8 --libdir=/usr/lib --enable-nls --with-sysroot=/ --enable-clocale=gnu --enable-libstdcxx-debug --enable-libstdcxx-time=yes --enable-gnu-unique-object --disable-libmudflap --enable-plugin --with-system-zlib --disable-browser-plugin --enable-java-awt=gtk --enable-gtk-cairo --with-java-home=/usr/lib/jvm/java-1.5.0-gcj-4.8-amd64/jre --enable-java-home --with-jvm-root-dir=/usr/lib/jvm/java-1.5.0-gcj-4.8-amd64 --with-jvm-jar-dir=/usr/lib/jvm-exports/java-1.5.0-gcj-4.8-amd64 --with-arch-directory=amd64 --with-ecj-jar=/usr/share/java/eclipse-ecj.jar --enable-objc-gc --enable-multiarch --disable-werror --with-arch-32=i686 --with-abi=m64 --with-multilib-list=m32,m64,mx32 --with-tune=generic --enable-checking=release --build=x86_64-linux-gnu --host=x86_64-linux-gnu --target=x86_64-linux-gnu
Thread model: posix
gcc version 4.8.4 (Ubuntu 4.8.4-2ubuntu1~14.04.3) 
configure:3188: $? = 0
configure:3177: g++ -V >&5
g++: error: unrecognized command line option '-V'
g++: fatal error: no input files
compilation terminated.
configure:3188: $? = 4
configure:3177: g++ -qversion >&5
g++: error: unrecognized command line option '-qversion'
g++: fatal error: no input files
compilation terminated.
configure:3188: $? = 4
configure:3208: checking whether the C++ compiler works
configure:3230: g++    conftest.cpp  >&5
configure:3234: $? = 0
configure:3282: result: yes
configure:3285: checking for C++ compiler default output file name
configure:3287: result: a.out
configure:3293: checking for suffix of executables
configure:3300: g++ -o conftest    conftest.cpp  >&5
configure:3304: $? = 0
configure:3326: result: 
configure:3348: checking whether we are cross compiling
configure:3356: g++ -o conftest    conftest.cpp  >&5
configure:3360: $? = 0
configure:3367: ./conftest
configure:3371: $? = 0
configure:3386: result: no
configure:3391: checking for suffix of object files
configure:3413: g++ -c   conftest.cpp >&5
configure:3417: $? = 0
configure:3438: result: o
configure:3442: checking whether we are using the GNU C++ compiler
configure:3461: g++ -c   conftest.cpp >&5
configure:3461: $? = 0
configure:3470: result: yes
configure:3479: checking whether g++ accepts -g
configure:3499: g++ -c -g  conftest.cpp >&5
configure:3499: $? = 0
configure:3540: result: yes
configure:3574: checking for style of include used by make
configure:3602: result: GNU
configure:3627: checking dependency style of g++
configure:3737: result: gcc3
configure:3800: checking for gcc
configure:3816: found /usr/bin/gcc
configure:3827: result: gcc
configure:4056: checking for C compiler version
configure:4065: gcc --version >&5
gcc (Ubuntu 4.8.4-2ubuntu1~14.04.3) 4.8.4
Copyright (C) 2013 Free Software Foundation, Inc.
This is free software; see the source for copying conditions.  There is NO
warranty; not even for MERCHANTABILITY or FITNESS FOR A PARTICULAR PURPOSE.

configure:4076: $? = 0
configure:4065: gcc -v >&5
Using built-in specs.
COLLECT_GCC=gcc
COLLECT_LTO_WRAPPER=/usr/lib/gcc/x86_64-linux-gnu/4.8/lto-wrapper
Target: x86_64-linux-gnu
Configured with: ../src/configure -v --with-pkgversion='Ubuntu 4.8.4-2ubuntu1~14.04.3' --with-bugurl=file:///usr/share/doc/gcc-4.8/README.Bugs --enable-languages=c,c++,java,go,d,fortran,objc,obj-c++ --prefix=/usr --program-suffix=-4.8 --enable-shared --enable-linker-build-id --libexecdir=/usr/lib --without-included-gettext --enable-threads=posix --with-gxx-include-dir=/usr/include/c++/4.8 --libdir=/usr/lib --enable-nls --with-sysroot=/ --enable-clocale=gnu --enable-libstdcxx-debug --enable-libstdcxx-time=yes --enable-gnu-unique-object --disable-libmudflap --enable-plugin --with-system-zlib --disable-browser-plugin --enable-java-awt=gtk --enable-gtk-cairo --with-java-home=/usr/lib/jvm/java-1.5.0-gcj-4.8-amd64/jre --enable-java-home --with-jvm-root-dir=/usr/lib/jvm/java-1.5.0-gcj-4.8-amd64 --with-jvm-jar-dir=/usr/lib/jvm-exports/java-1.5.0-gcj-4.8-amd64 --with-arch-directory=amd64 --with-ecj-jar=/usr/share/java/eclipse-ecj.jar --enable-objc-gc --enable-multiarch --disable-werror --with-arch-32=i686 --with-abi=m64 --with-multilib-list=m32,m64,mx32 --with-tune=generic --enable-checking=release --build=x86_64-linux-gnu --host=x86_64-linux-gnu --target=x86_64-linux-gnu
Thread model: posix
gcc version 4.8.4 (Ubuntu 4.8.4-2ubuntu1~14.04.3) 
configure:4076: $? = 0
configure:4065: gcc -V >&5
gcc: error: unrecognized command line option '-V'
gcc: fatal error: no input files
compilation terminated.
configure:4076: $? = 4
configure:4065: gcc -qversion >&5
gcc: error: unrecognized command line option '-qversion'
gcc: fatal error: no input files
compilation terminated.
configure:4076: $? = 4
configure:4080: checking whether we are using the GNU C compiler
configure:4099: gcc -c   conftest.c >&5
configure:4099: $? = 0
configure:4108: result: yes
configure:4117: checking whether gcc accepts -g
configure:4137: gcc -c -g  conftest.c >&5
configure:4137: $? = 0
configure:4178: result: yes
configure:4195: checking for gcc option to accept ISO C89
configure:4258: gcc  -c -g -O2  conftest.c >&5
configure:4258: $? = 0
configure:4271: result: none needed
configure:4293: checking dependency style of gcc
configure:4403: result: gcc3
configure:4423: checking for flex
configure:4453: result: no
configure:4423: checking for lex
configure:4453: result: no
configure:4585: checking for bison
configure:4615: result: no
configure:4585: checking for byacc
configure:4615: result: no
configure:4625: checking whether make sets $(MAKE)
configure:4647: result: yes
configure:4686: checking build system type
configure:4700: result: x86_64-unknown-linux-gnu
configure:4720: checking host system type
configure:4733: result: x86_64-unknown-linux-gnu
configure:4753: checking for a sed that does not truncate output
configure:4817: result: /bin/sed
configure:4835: checking for grep that handles long lines and -e
configure:4893: result: /bin/grep
configure:4898: checking for egrep
configure:4960: result: /bin/grep -E
configure:4965: checking for fgrep
configure:5027: result: /bin/grep -F
configure:5062: checking for ld used by gcc
configure:5129: result: /usr/bin/ld
configure:5136: checking if the linker (/usr/bin/ld) is GNU ld
configure:5151: result: yes
configure:5163: checking for BSD- or MS-compatible name lister (nm)
configure:5212: result: /usr/bin/nm -B
configure:5330: checking the name lister (/usr/bin/nm -B) interface
configure:5337: gcc -c -g -O2  conftest.c >&5
configure:5340: /usr/bin/nm -B "conftest.o"
configure:5343: output
0000000000000000 B some_variable
configure:5350: result: BSD nm
configure:5353: checking whether ln -s works
configure:5357: result: yes
configure:5365: checking the maximum length of command line arguments
configure:5485: result: 1572864
configure:5502: checking whether the shell understands some XSI constructs
configure:5512: result: yes
configure:5516: checking whether the shell understands "+="
configure:5522: result: yes
configure:5557: checking for /usr/bin/ld option to reload object files
configure:5564: result: -r
configure:5633: checking for objdump
configure:5649: found /usr/bin/objdump
configure:5660: result: objdump
configure:5692: checking how to recognize dependent libraries
configure:5888: result: pass_all
configure:5948: checking for ar
configure:5964: found /usr/bin/ar
configure:5975: result: ar
configure:6053: checking for strip
configure:6069: found /usr/bin/strip
configure:6080: result: strip
configure:6152: checking for ranlib
configure:6168: found /usr/bin/ranlib
configure:6179: result: ranlib
configure:6269: checking command to parse /usr/bin/nm -B output from gcc object
configure:6387: gcc -c -g -O2  conftest.c >&5
configure:6390: $? = 0
configure:6394: /usr/bin/nm -B conftest.o \| sed -n -e 's/^.*[	 ]\([ABCDGIRSTW][ABCDGIRSTW]*\)[	 ][	 ]*\([_A-Za-z][_A-Za-z0-9]*\)$/\1 \2 \2/p' \> conftest.nm
configure:6397: $? = 0
configure:6451: gcc -o conftest -g -O2   conftest.c conftstm.o >&5
configure:6454: $? = 0
configure:6492: result: ok
configure:6587: gcc -c -g -O2  conftest.c >&5
configure:6590: $? = 0
configure:7300: checking how to run the C preprocessor
configure:7331: gcc -E  conftest.c
configure:7331: $? = 0
configure:7345: gcc -E  conftest.c
conftest.c:11:28: fatal error: ac_nonexistent.h: No such file or directory
 #include <ac_nonexistent.h>
                            ^
compilation terminated.
configure:7345: $? = 1
configure: failed program was:
| /* confdefs.h */
| #define PACKAGE_NAME "boss"
| #define PACKAGE_TARNAME "boss"
| #define PACKAGE_VERSION "3.00"
| #define PACKAGE_STRING "boss 3.00"
| #define PACKAGE_BUGREPORT "http://www.ikp.uni-bonn.de/boss"
| #define PACKAGE_URL ""
| #define PACKAGE "boss"
| #define VERSION "3.00"
| /* end confdefs.h.  */
| #include <ac_nonexistent.h>
configure:7370: result: gcc -E
configure:7390: gcc -E  conftest.c
configure:7390: $? = 0
configure:7404: gcc -E  conftest.c
conftest.c:11:28: fatal error: ac_nonexistent.h: No such file or directory
 #include <ac_nonexistent.h>
                            ^
compilation terminated.
configure:7404: $? = 1
configure: failed program was:
| /* confdefs.h */
| #define PACKAGE_NAME "boss"
| #define PACKAGE_TARNAME "boss"
| #define PACKAGE_VERSION "3.00"
| #define PACKAGE_STRING "boss 3.00"
| #define PACKAGE_BUGREPORT "http://www.ikp.uni-bonn.de/boss"
| #define PACKAGE_URL ""
| #define PACKAGE "boss"
| #define VERSION "3.00"
| /* end confdefs.h.  */
| #include <ac_nonexistent.h>
configure:7433: checking for ANSI C header files
configure:7453: gcc -c -g -O2  conftest.c >&5
configure:7453: $? = 0
configure:7526: gcc -o conftest -g -O2   conftest.c  >&5
configure:7526: $? = 0
configure:7526: ./conftest
configure:7526: $? = 0
configure:7537: result: yes
configure:7550: checking for sys/types.h
configure:7550: gcc -c -g -O2  conftest.c >&5
configure:7550: $? = 0
configure:7550: result: yes
configure:7550: checking for sys/stat.h
configure:7550: gcc -c -g -O2  conftest.c >&5
configure:7550: $? = 0
configure:7550: result: yes
configure:7550: checking for stdlib.h
configure:7550: gcc -c -g -O2  conftest.c >&5
configure:7550: $? = 0
configure:7550: result: yes
configure:7550: checking for string.h
configure:7550: gcc -c -g -O2  conftest.c >&5
configure:7550: $? = 0
configure:7550: result: yes
configure:7550: checking for memory.h
configure:7550: gcc -c -g -O2  conftest.c >&5
configure:7550: $? = 0
configure:7550: result: yes
configure:7550: checking for strings.h
configure:7550: gcc -c -g -O2  conftest.c >&5
configure:7550: $? = 0
configure:7550: result: yes
configure:7550: checking for inttypes.h
configure:7550: gcc -c -g -O2  conftest.c >&5
configure:7550: $? = 0
configure:7550: result: yes
configure:7550: checking for stdint.h
configure:7550: gcc -c -g -O2  conftest.c >&5
configure:7550: $? = 0
configure:7550: result: yes
configure:7550: checking for unistd.h
configure:7550: gcc -c -g -O2  conftest.c >&5
configure:7550: $? = 0
configure:7550: result: yes
configure:7564: checking for dlfcn.h
configure:7564: gcc -c -g -O2  conftest.c >&5
configure:7564: $? = 0
configure:7564: result: yes
configure:7689: checking for C++ compiler version
configure:7698: g++ --version >&5
g++ (Ubuntu 4.8.4-2ubuntu1~14.04.3) 4.8.4
Copyright (C) 2013 Free Software Foundation, Inc.
This is free software; see the source for copying conditions.  There is NO
warranty; not even for MERCHANTABILITY or FITNESS FOR A PARTICULAR PURPOSE.

configure:7709: $? = 0
configure:7698: g++ -v >&5
Using built-in specs.
COLLECT_GCC=g++
COLLECT_LTO_WRAPPER=/usr/lib/gcc/x86_64-linux-gnu/4.8/lto-wrapper
Target: x86_64-linux-gnu
Configured with: ../src/configure -v --with-pkgversion='Ubuntu 4.8.4-2ubuntu1~14.04.3' --with-bugurl=file:///usr/share/doc/gcc-4.8/README.Bugs --enable-languages=c,c++,java,go,d,fortran,objc,obj-c++ --prefix=/usr --program-suffix=-4.8 --enable-shared --enable-linker-build-id --libexecdir=/usr/lib --without-included-gettext --enable-threads=posix --with-gxx-include-dir=/usr/include/c++/4.8 --libdir=/usr/lib --enable-nls --with-sysroot=/ --enable-clocale=gnu --enable-libstdcxx-debug --enable-libstdcxx-time=yes --enable-gnu-unique-object --disable-libmudflap --enable-plugin --with-system-zlib --disable-browser-plugin --enable-java-awt=gtk --enable-gtk-cairo --with-java-home=/usr/lib/jvm/java-1.5.0-gcj-4.8-amd64/jre --enable-java-home --with-jvm-root-dir=/usr/lib/jvm/java-1.5.0-gcj-4.8-amd64 --with-jvm-jar-dir=/usr/lib/jvm-exports/java-1.5.0-gcj-4.8-amd64 --with-arch-directory=amd64 --with-ecj-jar=/usr/share/java/eclipse-ecj.jar --enable-objc-gc --enable-multiarch --disable-werror --with-arch-32=i686 --with-abi=m64 --with-multilib-list=m32,m64,mx32 --with-tune=generic --enable-checking=release --build=x86_64-linux-gnu --host=x86_64-linux-gnu --target=x86_64-linux-gnu
Thread model: posix
gcc version 4.8.4 (Ubuntu 4.8.4-2ubuntu1~14.04.3) 
configure:7709: $? = 0
configure:7698: g++ -V >&5
g++: error: unrecognized command line option '-V'
g++: fatal error: no input files
compilation terminated.
configure:7709: $? = 4
configure:7698: g++ -qversion >&5
g++: error: unrecognized command line option '-qversion'
g++: fatal error: no input files
compilation terminated.
configure:7709: $? = 4
configure:7713: checking whether we are using the GNU C++ compiler
configure:7741: result: yes
configure:7750: checking whether g++ accepts -g
configure:7811: result: yes
configure:7836: checking dependency style of g++
configure:7946: result: gcc3
configure:7969: checking how to run the C++ preprocessor
configure:7996: g++ -E  conftest.cpp
configure:7996: $? = 0
configure:8010: g++ -E  conftest.cpp
conftest.cpp:22:28: fatal error: ac_nonexistent.h: No such file or directory
 #include <ac_nonexistent.h>
                            ^
compilation terminated.
configure:8010: $? = 1
configure: failed program was:
| /* confdefs.h */
| #define PACKAGE_NAME "boss"
| #define PACKAGE_TARNAME "boss"
| #define PACKAGE_VERSION "3.00"
| #define PACKAGE_STRING "boss 3.00"
| #define PACKAGE_BUGREPORT "http://www.ikp.uni-bonn.de/boss"
| #define PACKAGE_URL ""
| #define PACKAGE "boss"
| #define VERSION "3.00"
| #define STDC_HEADERS 1
| #define HAVE_SYS_TYPES_H 1
| #define HAVE_SYS_STAT_H 1
| #define HAVE_STDLIB_H 1
| #define HAVE_STRING_H 1
| #define HAVE_MEMORY_H 1
| #define HAVE_STRINGS_H 1
| #define HAVE_INTTYPES_H 1
| #define HAVE_STDINT_H 1
| #define HAVE_UNISTD_H 1
| #define HAVE_DLFCN_H 1
| /* end confdefs.h.  */
| #include <ac_nonexistent.h>
configure:8035: result: g++ -E
configure:8055: g++ -E  conftest.cpp
configure:8055: $? = 0
configure:8069: g++ -E  conftest.cpp
conftest.cpp:22:28: fatal error: ac_nonexistent.h: No such file or directory
 #include <ac_nonexistent.h>
                            ^
compilation terminated.
configure:8069: $? = 1
configure: failed program was:
| /* confdefs.h */
| #define PACKAGE_NAME "boss"
| #define PACKAGE_TARNAME "boss"
| #define PACKAGE_VERSION "3.00"
| #define PACKAGE_STRING "boss 3.00"
| #define PACKAGE_BUGREPORT "http://www.ikp.uni-bonn.de/boss"
| #define PACKAGE_URL ""
| #define PACKAGE "boss"
| #define VERSION "3.00"
| #define STDC_HEADERS 1
| #define HAVE_SYS_TYPES_H 1
| #define HAVE_SYS_STAT_H 1
| #define HAVE_STDLIB_H 1
| #define HAVE_STRING_H 1
| #define HAVE_MEMORY_H 1
| #define HAVE_STRINGS_H 1
| #define HAVE_INTTYPES_H 1
| #define HAVE_STDINT_H 1
| #define HAVE_UNISTD_H 1
| #define HAVE_DLFCN_H 1
| /* end confdefs.h.  */
| #include <ac_nonexistent.h>
configure:8273: checking for objdir
configure:8288: result: .libs
configure:8580: checking if gcc supports -fno-rtti -fno-exceptions
configure:8598: gcc -c -g -O2  -fno-rtti -fno-exceptions conftest.c >&5
cc1: warning: command line option '-fno-rtti' is valid for C++/ObjC++ but not for C [enabled by default]
configure:8602: $? = 0
configure:8615: result: no
configure:8635: checking for gcc option to produce PIC
configure:8907: result: -fPIC -DPIC
configure:8919: checking if gcc PIC flag -fPIC -DPIC works
configure:8937: gcc -c -g -O2  -fPIC -DPIC -DPIC conftest.c >&5
configure:8941: $? = 0
configure:8954: result: yes
configure:8978: checking if gcc static flag -static works
configure:9006: result: yes
configure:9021: checking if gcc supports -c -o file.o
configure:9042: gcc -c -g -O2  -o out/conftest2.o conftest.c >&5
configure:9046: $? = 0
configure:9068: result: yes
configure:9076: checking if gcc supports -c -o file.o
configure:9123: result: yes
configure:9156: checking whether the gcc linker (/usr/bin/ld -m elf_x86_64) supports shared libraries
configure:10146: result: yes
configure:10183: checking whether -lc should be explicitly linked in
configure:10188: gcc -c -g -O2  conftest.c >&5
configure:10191: $? = 0
configure:10206: gcc -shared conftest.o  -v -Wl,-soname -Wl,conftest -o conftest 2\>\&1 \| /bin/grep  -lc  \>/dev/null 2\>\&1
configure:10209: $? = 0
configure:10221: result: no
configure:10385: checking dynamic linker characteristics
configure:10818: gcc -o conftest -g -O2   -Wl,-rpath -Wl,/foo conftest.c  >&5
configure:10818: $? = 0
configure:11048: result: GNU/Linux ld.so
configure:11150: checking how to hardcode library paths into programs
configure:11175: result: immediate
configure:11269: checking for shl_load
configure:11269: gcc -o conftest -g -O2   conftest.c  >&5
/tmp/cc3OcAEw.o: In function `main':
/home/sven/Dokumente/prog/sf/boss-synth-code/boss-3.2.3/conftest.c:57: undefined reference to `shl_load'
collect2: error: ld returned 1 exit status
configure:11269: $? = 1
configure: failed program was:
| /* confdefs.h */
| #define PACKAGE_NAME "boss"
| #define PACKAGE_TARNAME "boss"
| #define PACKAGE_VERSION "3.00"
| #define PACKAGE_STRING "boss 3.00"
| #define PACKAGE_BUGREPORT "http://www.ikp.uni-bonn.de/boss"
| #define PACKAGE_URL ""
| #define PACKAGE "boss"
| #define VERSION "3.00"
| #define STDC_HEADERS 1
| #define HAVE_SYS_TYPES_H 1
| #define HAVE_SYS_STAT_H 1
| #define HAVE_STDLIB_H 1
| #define HAVE_STRING_H 1
| #define HAVE_MEMORY_H 1
| #define HAVE_STRINGS_H 1
| #define HAVE_INTTYPES_H 1
| #define HAVE_STDINT_H 1
| #define HAVE_UNISTD_H 1
| #define HAVE_DLFCN_H 1
| #define LT_OBJDIR ".libs/"
| /* end confdefs.h.  */
| /* Define shl_load to an innocuous variant, in case <limits.h> declares shl_load.
|    For example, HP-UX 11i <limits.h> declares gettimeofday.  */
| #define shl_load innocuous_shl_load
| 
| /* System header to define __stub macros and hopefully few prototypes,
|     which can conflict with char shl_load (); below.
|     Prefer <limits.h> to <assert.h> if __STDC__ is defined, since
|     <limits.h> exists even on freestanding compilers.  */
| 
| #ifdef __STDC__
| # include <limits.h>
| #else
| # include <assert.h>
| #endif
| 
| #undef shl_load
| 
| /* Override any GCC internal prototype to avoid an error.
|    Use char because int might match the return type of a GCC
|    builtin and then its argument prototype would still apply.  */
| #ifdef __cplusplus
| extern "C"
| #endif
| char shl_load ();
| /* The GNU C library defines this for functions which it implements
|     to always fail with ENOSYS.  Some functions are actually named
|     something starting with __ and the normal name is an alias.  */
| #if defined __stub_shl_load || defined __stub___shl_load
| choke me
| #endif
| 
| int
| main ()
| {
| return shl_load ();
|   ;
|   return 0;
| }
configure:11269: result: no
configure:11273: checking for shl_load in -ldld
configure:11298: gcc -o conftest -g -O2   conftest.c -ldld   >&5
/usr/bin/ld: cannot find -ldld
collect2: error: ld returned 1 exit status
configure:11298: $? = 1
configure: failed program was:
| /* confdefs.h */
| #define PACKAGE_NAME "boss"
| #define PACKAGE_TARNAME "boss"
| #define PACKAGE_VERSION "3.00"
| #define PACKAGE_STRING "boss 3.00"
| #define PACKAGE_BUGREPORT "http://www.ikp.uni-bonn.de/boss"
| #define PACKAGE_URL ""
| #define PACKAGE "boss"
| #define VERSION "3.00"
| #define STDC_HEADERS 1
| #define HAVE_SYS_TYPES_H 1
| #define HAVE_SYS_STAT_H 1
| #define HAVE_STDLIB_H 1
| #define HAVE_STRING_H 1
| #define HAVE_MEMORY_H 1
| #define HAVE_STRINGS_H 1
| #define HAVE_INTTYPES_H 1
| #define HAVE_STDINT_H 1
| #define HAVE_UNISTD_H 1
| #define HAVE_DLFCN_H 1
| #define LT_OBJDIR ".libs/"
| /* end confdefs.h.  */
| 
| /* Override any GCC internal prototype to avoid an error.
|    Use char because int might match the return type of a GCC
|    builtin and then its argument prototype would still apply.  */
| #ifdef __cplusplus
| extern "C"
| #endif
| char shl_load ();
| int
| main ()
| {
| return shl_load ();
|   ;
|   return 0;
| }
configure:11307: result: no
configure:11312: checking for dlopen
configure:11312: gcc -o conftest -g -O2   conftest.c  >&5
/tmp/cc4waQ4H.o: In function `main':
/home/sven/Dokumente/prog/sf/boss-synth-code/boss-3.2.3/conftest.c:57: undefined reference to `dlopen'
collect2: error: ld returned 1 exit status
configure:11312: $? = 1
configure: failed program was:
| /* confdefs.h */
| #define PACKAGE_NAME "boss"
| #define PACKAGE_TARNAME "boss"
| #define PACKAGE_VERSION "3.00"
| #define PACKAGE_STRING "boss 3.00"
| #define PACKAGE_BUGREPORT "http://www.ikp.uni-bonn.de/boss"
| #define PACKAGE_URL ""
| #define PACKAGE "boss"
| #define VERSION "3.00"
| #define STDC_HEADERS 1
| #define HAVE_SYS_TYPES_H 1
| #define HAVE_SYS_STAT_H 1
| #define HAVE_STDLIB_H 1
| #define HAVE_STRING_H 1
| #define HAVE_MEMORY_H 1
| #define HAVE_STRINGS_H 1
| #define HAVE_INTTYPES_H 1
| #define HAVE_STDINT_H 1
| #define HAVE_UNISTD_H 1
| #define HAVE_DLFCN_H 1
| #define LT_OBJDIR ".libs/"
| /* end confdefs.h.  */
| /* Define dlopen to an innocuous variant, in case <limits.h> declares dlopen.
|    For example, HP-UX 11i <limits.h> declares gettimeofday.  */
| #define dlopen innocuous_dlopen
| 
| /* System header to define __stub macros and hopefully few prototypes,
|     which can conflict with char dlopen (); below.
|     Prefer <limits.h> to <assert.h> if __STDC__ is defined, since
|     <limits.h> exists even on freestanding compilers.  */
| 
| #ifdef __STDC__
| # include <limits.h>
| #else
| # include <assert.h>
| #endif
| 
| #undef dlopen
| 
| /* Override any GCC internal prototype to avoid an error.
|    Use char because int might match the return type of a GCC
|    builtin and then its argument prototype would still apply.  */
| #ifdef __cplusplus
| extern "C"
| #endif
| char dlopen ();
| /* The GNU C library defines this for functions which it implements
|     to always fail with ENOSYS.  Some functions are actually named
|     something starting with __ and the normal name is an alias.  */
| #if defined __stub_dlopen || defined __stub___dlopen
| choke me
| #endif
| 
| int
| main ()
| {
| return dlopen ();
|   ;
|   return 0;
| }
configure:11312: result: no
configure:11316: checking for dlopen in -ldl
configure:11341: gcc -o conftest -g -O2   conftest.c -ldl   >&5
configure:11341: $? = 0
configure:11350: result: yes
configure:11469: checking whether a program can dlopen itself
configure:11539: gcc -o conftest -g -O2  -DHAVE_DLFCN_H  -Wl,--export-dynamic conftest.c -ldl  >&5
configure:11542: $? = 0
configure:11560: result: yes
configure:11565: checking whether a statically linked program can dlopen itself
configure:11635: gcc -o conftest -g -O2  -DHAVE_DLFCN_H  -Wl,--export-dynamic -static conftest.c -ldl  >&5
/tmp/ccu0B27b.o: In function `main':
/home/sven/Dokumente/prog/sf/boss-synth-code/boss-3.2.3/configure:11619: warning: Using 'dlopen' in statically linked applications requires at runtime the shared libraries from the glibc version used for linking
/usr/bin/ld: dynamic STT_GNU_IFUNC symbol `strcmp' with pointer equality in `/usr/lib/gcc/x86_64-linux-gnu/4.8/../../../x86_64-linux-gnu/libc.a(strcmp.o)' can not be used when making an executable; recompile with -fPIE and relink with -pie
collect2: error: ld returned 1 exit status
configure:11638: $? = 1
configure:11656: result: no
configure:11695: checking whether stripping libraries is possible
configure:11700: result: yes
configure:11735: checking if libtool supports shared libraries
configure:11737: result: yes
configure:11740: checking whether to build shared libraries
configure:11761: result: yes
configure:11764: checking whether to build static libraries
configure:11768: result: yes
configure:11918: checking for ld used by g++
configure:11985: result: /usr/bin/ld -m elf_x86_64
configure:11992: checking if the linker (/usr/bin/ld -m elf_x86_64) is GNU ld
configure:12007: result: yes
configure:12062: checking whether the g++ linker (/usr/bin/ld -m elf_x86_64) supports shared libraries
configure:12975: result: yes
configure:13003: g++ -c -g -O2  conftest.cpp >&5
configure:13006: $? = 0
configure:13188: checking for g++ option to produce PIC
configure:13505: result: -fPIC -DPIC
configure:13514: checking if g++ PIC flag -fPIC -DPIC works
configure:13532: g++ -c -g -O2  -fPIC -DPIC -DPIC conftest.cpp >&5
configure:13536: $? = 0
configure:13549: result: yes
configure:13570: checking if g++ static flag -static works
configure:13598: result: yes
configure:13610: checking if g++ supports -c -o file.o
configure:13631: g++ -c -g -O2  -o out/conftest2.o conftest.cpp >&5
configure:13635: $? = 0
configure:13657: result: yes
configure:13662: checking if g++ supports -c -o file.o
configure:13709: result: yes
configure:13739: checking whether the g++ linker (/usr/bin/ld -m elf_x86_64) supports shared libraries
configure:13768: result: yes
configure:13905: checking dynamic linker characteristics
configure:14286: g++ -o conftest -g -O2   -Wl,-rpath -Wl,/foo conftest.cpp  >&5
configure:14286: $? = 0
configure:14516: result: GNU/Linux ld.so
configure:14567: checking how to hardcode library paths into programs
configure:14592: result: immediate
configure:14661: checking for accept in -lc
configure:14686: gcc -o conftest -g -O2   conftest.c -lc   >&5
configure:14686: $? = 0
configure:14695: result: yes
configure:14746: checking for deflate in -lgz
configure:14771: gcc -o conftest -g -O2   conftest.c -lgz   >&5
/usr/bin/ld: cannot find -lgz
collect2: error: ld returned 1 exit status
configure:14771: $? = 1
configure: failed program was:
| /* confdefs.h */
| #define PACKAGE_NAME "boss"
| #define PACKAGE_TARNAME "boss"
| #define PACKAGE_VERSION "3.00"
| #define PACKAGE_STRING "boss 3.00"
| #define PACKAGE_BUGREPORT "http://www.ikp.uni-bonn.de/boss"
| #define PACKAGE_URL ""
| #define PACKAGE "boss"
| #define VERSION "3.00"
| #define STDC_HEADERS 1
| #define HAVE_SYS_TYPES_H 1
| #define HAVE_SYS_STAT_H 1
| #define HAVE_STDLIB_H 1
| #define HAVE_STRING_H 1
| #define HAVE_MEMORY_H 1
| #define HAVE_STRINGS_H 1
| #define HAVE_INTTYPES_H 1
| #define HAVE_STDINT_H 1
| #define HAVE_UNISTD_H 1
| #define HAVE_DLFCN_H 1
| #define LT_OBJDIR ".libs/"
| /* end confdefs.h.  */
| 
| /* Override any GCC internal prototype to avoid an error.
|    Use char because int might match the return type of a GCC
|    builtin and then its argument prototype would still apply.  */
| #ifdef __cplusplus
| extern "C"
| #endif
| char deflate ();
| int
| main ()
| {
| return deflate ();
|   ;
|   return 0;
| }
configure:14780: result: no
configure:14786: checking for deflate in -lz
configure:14811: gcc -o conftest -g -O2   conftest.c -lz   >&5
configure:14811: $? = 0
configure:14820: result: yes
configure:14831: checking for round in -lm
configure:14856: gcc -o conftest -g -O2   conftest.c -lm   >&5
conftest.c:30:6: warning: conflicting types for built-in function 'round' [enabled by default]
 char round ();
      ^
configure:14856: $? = 0
configure:14865: result: yes
configure:14874: checking for mysql_fetch_row in -lmysqlclient
configure:14899: gcc -o conftest -g -O2   conftest.c -lmysqlclient   >&5
configure:14899: $? = 0
configure:14908: result: yes
configure:14918: checking for gethostbyname in -lnsl
configure:14943: gcc -o conftest -g -O2   conftest.c -lnsl   >&5
configure:14943: $? = 0
configure:14952: result: yes
configure:15001: checking for pthread_create in -lpthread
configure:15026: gcc -o conftest -g -O2   conftest.c -lpthread   >&5
configure:15026: $? = 0
configure:15035: result: yes
configure:15044: checking for main in -lxerces-c
configure:15063: gcc -o conftest -g -O2   conftest.c -lxerces-c   >&5
configure:15063: $? = 0
configure:15072: result: yes
configure:15081: checking for pcre_dfa_exec in -lpcre
configure:15106: gcc -o conftest -g -O2   conftest.c -lpcre   >&5
configure:15106: $? = 0
configure:15115: result: yes
configure:15129: checking for lt_dlopen in -lltdl
configure:15154: gcc -o conftest -g -O2   conftest.c -lltdl   >&5
configure:15154: $? = 0
configure:15163: result: yes
configure:15175: checking for ANSI C header files
configure:15279: result: yes
configure:15290: checking arpa/inet.h usability
configure:15290: gcc -c -g -O2  conftest.c >&5
configure:15290: $? = 0
configure:15290: result: yes
configure:15290: checking arpa/inet.h presence
configure:15290: gcc -E  conftest.c
configure:15290: $? = 0
configure:15290: result: yes
configure:15290: checking for arpa/inet.h
configure:15290: result: yes
configure:15290: checking locale.h usability
configure:15290: gcc -c -g -O2  conftest.c >&5
configure:15290: $? = 0
configure:15290: result: yes
configure:15290: checking locale.h presence
configure:15290: gcc -E  conftest.c
configure:15290: $? = 0
configure:15290: result: yes
configure:15290: checking for locale.h
configure:15290: result: yes
configure:15290: checking netdb.h usability
configure:15290: gcc -c -g -O2  conftest.c >&5
configure:15290: $? = 0
configure:15290: result: yes
configure:15290: checking netdb.h presence
configure:15290: gcc -E  conftest.c
configure:15290: $? = 0
configure:15290: result: yes
configure:15290: checking for netdb.h
configure:15290: result: yes
configure:15290: checking netinet/in.h usability
configure:15290: gcc -c -g -O2  conftest.c >&5
configure:15290: $? = 0
configure:15290: result: yes
configure:15290: checking netinet/in.h presence
configure:15290: gcc -E  conftest.c
configure:15290: $? = 0
configure:15290: result: yes
configure:15290: checking for netinet/in.h
configure:15290: result: yes
configure:15290: checking for stdlib.h
configure:15290: result: yes
configure:15290: checking sys/socket.h usability
configure:15290: gcc -c -g -O2  conftest.c >&5
configure:15290: $? = 0
configure:15290: result: yes
configure:15290: checking sys/socket.h presence
configure:15290: gcc -E  conftest.c
configure:15290: $? = 0
configure:15290: result: yes
configure:15290: checking for sys/socket.h
configure:15290: result: yes
configure:15290: checking for unistd.h
configure:15290: result: yes
configure:15305: checking for stdbool.h that conforms to C99
configure:15372: gcc -c -g -O2 -I /usr/include/mysql conftest.c >&5
configure:15372: $? = 0
configure:15379: result: yes
configure:15381: checking for _Bool
configure:15381: gcc -c -g -O2 -I /usr/include/mysql conftest.c >&5
configure:15381: $? = 0
configure:15381: gcc -c -g -O2 -I /usr/include/mysql conftest.c >&5
conftest.c: In function 'main':
conftest.c:67:20: error: expected expression before ')' token
 if (sizeof ((_Bool)))
                    ^
configure:15381: $? = 1
configure: failed program was:
| /* confdefs.h */
| #define PACKAGE_NAME "boss"
| #define PACKAGE_TARNAME "boss"
| #define PACKAGE_VERSION "3.00"
| #define PACKAGE_STRING "boss 3.00"
| #define PACKAGE_BUGREPORT "http://www.ikp.uni-bonn.de/boss"
| #define PACKAGE_URL ""
| #define PACKAGE "boss"
| #define VERSION "3.00"
| #define STDC_HEADERS 1
| #define HAVE_SYS_TYPES_H 1
| #define HAVE_SYS_STAT_H 1
| #define HAVE_STDLIB_H 1
| #define HAVE_STRING_H 1
| #define HAVE_MEMORY_H 1
| #define HAVE_STRINGS_H 1
| #define HAVE_INTTYPES_H 1
| #define HAVE_STDINT_H 1
| #define HAVE_UNISTD_H 1
| #define HAVE_DLFCN_H 1
| #define LT_OBJDIR ".libs/"
| #define STDC_HEADERS 1
| #define HAVE_ARPA_INET_H 1
| #define HAVE_LOCALE_H 1
| #define HAVE_NETDB_H 1
| #define HAVE_NETINET_IN_H 1
| #define HAVE_STDLIB_H 1
| #define HAVE_SYS_SOCKET_H 1
| #define HAVE_UNISTD_H 1
| /* end confdefs.h.  */
| #include <stdio.h>
| #ifdef HAVE_SYS_TYPES_H
| # include <sys/types.h>
| #endif
| #ifdef HAVE_SYS_STAT_H
| # include <sys/stat.h>
| #endif
| #ifdef STDC_HEADERS
| # include <stdlib.h>
| # include <stddef.h>
| #else
| # ifdef HAVE_STDLIB_H
| #  include <stdlib.h>
| # endif
| #endif
| #ifdef HAVE_STRING_H
| # if !defined STDC_HEADERS && defined HAVE_MEMORY_H
| #  include <memory.h>
| # endif
| # include <string.h>
| #endif
| #ifdef HAVE_STRINGS_H
| # include <strings.h>
| #endif
| #ifdef HAVE_INTTYPES_H
| # include <inttypes.h>
| #endif
| #ifdef HAVE_STDINT_H
| # include <stdint.h>
| #endif
| #ifdef HAVE_UNISTD_H
| # include <unistd.h>
| #endif
| int
| main ()
| {
| if (sizeof ((_Bool)))
| 	    return 0;
|   ;
|   return 0;
| }
configure:15381: result: yes
configure:15398: checking for an ANSI C-conforming const
configure:15464: gcc -c -g -O2 -I /usr/include/mysql conftest.c >&5
configure:15464: $? = 0
configure:15471: result: yes
configure:15479: checking for inline
configure:15495: gcc -c -g -O2 -I /usr/include/mysql conftest.c >&5
configure:15495: $? = 0
configure:15503: result: inline
configure:15521: checking for size_t
configure:15521: gcc -c -g -O2 -I /usr/include/mysql conftest.c >&5
configure:15521: $? = 0
configure:15521: gcc -c -g -O2 -I /usr/include/mysql conftest.c >&5
conftest.c: In function 'main':
conftest.c:69:21: error: expected expression before ')' token
 if (sizeof ((size_t)))
                     ^
configure:15521: $? = 1
configure: failed program was:
| /* confdefs.h */
| #define PACKAGE_NAME "boss"
| #define PACKAGE_TARNAME "boss"
| #define PACKAGE_VERSION "3.00"
| #define PACKAGE_STRING "boss 3.00"
| #define PACKAGE_BUGREPORT "http://www.ikp.uni-bonn.de/boss"
| #define PACKAGE_URL ""
| #define PACKAGE "boss"
| #define VERSION "3.00"
| #define STDC_HEADERS 1
| #define HAVE_SYS_TYPES_H 1
| #define HAVE_SYS_STAT_H 1
| #define HAVE_STDLIB_H 1
| #define HAVE_STRING_H 1
| #define HAVE_MEMORY_H 1
| #define HAVE_STRINGS_H 1
| #define HAVE_INTTYPES_H 1
| #define HAVE_STDINT_H 1
| #define HAVE_UNISTD_H 1
| #define HAVE_DLFCN_H 1
| #define LT_OBJDIR ".libs/"
| #define STDC_HEADERS 1
| #define HAVE_ARPA_INET_H 1
| #define HAVE_LOCALE_H 1
| #define HAVE_NETDB_H 1
| #define HAVE_NETINET_IN_H 1
| #define HAVE_STDLIB_H 1
| #define HAVE_SYS_SOCKET_H 1
| #define HAVE_UNISTD_H 1
| #define HAVE__BOOL 1
| #define HAVE_STDBOOL_H 1
| /* end confdefs.h.  */
| #include <stdio.h>
| #ifdef HAVE_SYS_TYPES_H
| # include <sys/types.h>
| #endif
| #ifdef HAVE_SYS_STAT_H
| # include <sys/stat.h>
| #endif
| #ifdef STDC_HEADERS
| # include <stdlib.h>
| # include <stddef.h>
| #else
| # ifdef HAVE_STDLIB_H
| #  include <stdlib.h>
| # endif
| #endif
| #ifdef HAVE_STRING_H
| # if !defined STDC_HEADERS && defined HAVE_MEMORY_H
| #  include <memory.h>
| # endif
| # include <string.h>
| #endif
| #ifdef HAVE_STRINGS_H
| # include <strings.h>
| #endif
| #ifdef HAVE_INTTYPES_H
| # include <inttypes.h>
| #endif
| #ifdef HAVE_STDINT_H
| # include <stdint.h>
| #endif
| #ifdef HAVE_UNISTD_H
| # include <unistd.h>
| #endif
| int
| main ()
| {
| if (sizeof ((size_t)))
| 	    return 0;
|   ;
|   return 0;
| }
configure:15521: result: yes
configure:15532: checking whether struct tm is in sys/time.h or time.h
configure:15552: gcc -c -g -O2 -I /usr/include/mysql conftest.c >&5
configure:15552: $? = 0
configure:15559: result: time.h
configure:15569: checking for error_at_line
configure:15585: gcc -o conftest -g -O2 -I /usr/include/mysql  conftest.c  >&5
configure:15585: $? = 0
configure:15593: result: yes
configure:15606: checking for stdlib.h
configure:15606: result: yes
configure:15616: checking for GNU libc compatible malloc
configure:15640: gcc -o conftest -g -O2 -I /usr/include/mysql  conftest.c  >&5
configure:15640: $? = 0
configure:15640: ./conftest
configure:15640: $? = 0
configure:15650: result: yes
configure:15673: checking for stdlib.h
configure:15673: result: yes
configure:15683: checking for GNU libc compatible realloc
configure:15707: gcc -o conftest -g -O2 -I /usr/include/mysql  conftest.c  >&5
configure:15707: $? = 0
configure:15707: ./conftest
configure:15707: $? = 0
configure:15717: result: yes
configure:15738: checking return type of signal handlers
configure:15756: gcc -c -g -O2 -I /usr/include/mysql conftest.c >&5
conftest.c: In function 'main':
conftest.c:43:1: error: void value not ignored as it ought to be
 return *(signal (0, 0)) (0) == 1;
 ^
configure:15756: $? = 1
configure: failed program was:
| /* confdefs.h */
| #define PACKAGE_NAME "boss"
| #define PACKAGE_TARNAME "boss"
| #define PACKAGE_VERSION "3.00"
| #define PACKAGE_STRING "boss 3.00"
| #define PACKAGE_BUGREPORT "http://www.ikp.uni-bonn.de/boss"
| #define PACKAGE_URL ""
| #define PACKAGE "boss"
| #define VERSION "3.00"
| #define STDC_HEADERS 1
| #define HAVE_SYS_TYPES_H 1
| #define HAVE_SYS_STAT_H 1
| #define HAVE_STDLIB_H 1
| #define HAVE_STRING_H 1
| #define HAVE_MEMORY_H 1
| #define HAVE_STRINGS_H 1
| #define HAVE_INTTYPES_H 1
| #define HAVE_STDINT_H 1
| #define HAVE_UNISTD_H 1
| #define HAVE_DLFCN_H 1
| #define LT_OBJDIR ".libs/"
| #define STDC_HEADERS 1
| #define HAVE_ARPA_INET_H 1
| #define HAVE_LOCALE_H 1
| #define HAVE_NETDB_H 1
| #define HAVE_NETINET_IN_H 1
| #define HAVE_STDLIB_H 1
| #define HAVE_SYS_SOCKET_H 1
| #define HAVE_UNISTD_H 1
| #define HAVE__BOOL 1
| #define HAVE_STDBOOL_H 1
| #define HAVE_STDLIB_H 1
| #define HAVE_MALLOC 1
| #define HAVE_STDLIB_H 1
| #define HAVE_REALLOC 1
| /* end confdefs.h.  */
| #include <sys/types.h>
| #include <signal.h>
| 
| int
| main ()
| {
| return *(signal (0, 0)) (0) == 1;
|   ;
|   return 0;
| }
configure:15763: result: void
configure:15773: checking for strftime
configure:15773: gcc -o conftest -g -O2 -I /usr/include/mysql  conftest.c  >&5
conftest.c:61:6: warning: conflicting types for built-in function 'strftime' [enabled by default]
 char strftime ();
      ^
configure:15773: $? = 0
configure:15773: result: yes
configure:15829: checking for floor
configure:15829: gcc -o conftest -g -O2 -I /usr/include/mysql  conftest.c  >&5
conftest.c:62:6: warning: conflicting types for built-in function 'floor' [enabled by default]
 char floor ();
      ^
/tmp/ccYa46nP.o: In function `main':
/home/sven/Dokumente/prog/sf/boss-synth-code/boss-3.2.3/conftest.c:73: undefined reference to `floor'
collect2: error: ld returned 1 exit status
configure:15829: $? = 1
configure: failed program was:
| /* confdefs.h */
| #define PACKAGE_NAME "boss"
| #define PACKAGE_TARNAME "boss"
| #define PACKAGE_VERSION "3.00"
| #define PACKAGE_STRING "boss 3.00"
| #define PACKAGE_BUGREPORT "http://www.ikp.uni-bonn.de/boss"
| #define PACKAGE_URL ""
| #define PACKAGE "boss"
| #define VERSION "3.00"
| #define STDC_HEADERS 1
| #define HAVE_SYS_TYPES_H 1
| #define HAVE_SYS_STAT_H 1
| #define HAVE_STDLIB_H 1
| #define HAVE_STRING_H 1
| #define HAVE_MEMORY_H 1
| #define HAVE_STRINGS_H 1
| #define HAVE_INTTYPES_H 1
| #define HAVE_STDINT_H 1
| #define HAVE_UNISTD_H 1
| #define HAVE_DLFCN_H 1
| #define LT_OBJDIR ".libs/"
| #define STDC_HEADERS 1
| #define HAVE_ARPA_INET_H 1
| #define HAVE_LOCALE_H 1
| #define HAVE_NETDB_H 1
| #define HAVE_NETINET_IN_H 1
| #define HAVE_STDLIB_H 1
| #define HAVE_SYS_SOCKET_H 1
| #define HAVE_UNISTD_H 1
| #define HAVE__BOOL 1
| #define HAVE_STDBOOL_H 1
| #define HAVE_STDLIB_H 1
| #define HAVE_MALLOC 1
| #define HAVE_STDLIB_H 1
| #define HAVE_REALLOC 1
| #define RETSIGTYPE void
| #define HAVE_STRFTIME 1
| /* end confdefs.h.  */
| /* Define floor to an innocuous variant, in case <limits.h> declares floor.
|    For example, HP-UX 11i <limits.h> declares gettimeofday.  */
| #define floor innocuous_floor
| 
| /* System header to define __stub macros and hopefully few prototypes,
|     which can conflict with char floor (); below.
|     Prefer <limits.h> to <assert.h> if __STDC__ is defined, since
|     <limits.h> exists even on freestanding compilers.  */
| 
| #ifdef __STDC__
| # include <limits.h>
| #else
| # include <assert.h>
| #endif
| 
| #undef floor
| 
| /* Override any GCC internal prototype to avoid an error.
|    Use char because int might match the return type of a GCC
|    builtin and then its argument prototype would still apply.  */
| #ifdef __cplusplus
| extern "C"
| #endif
| char floor ();
| /* The GNU C library defines this for functions which it implements
|     to always fail with ENOSYS.  Some functions are actually named
|     something starting with __ and the normal name is an alias.  */
| #if defined __stub_floor || defined __stub___floor
| choke me
| #endif
| 
| int
| main ()
| {
| return floor ();
|   ;
|   return 0;
| }
configure:15829: result: no
configure:15829: checking for gethostbyname
configure:15829: gcc -o conftest -g -O2 -I /usr/include/mysql  conftest.c  >&5
configure:15829: $? = 0
configure:15829: result: yes
configure:15829: checking for gethostname
configure:15829: gcc -o conftest -g -O2 -I /usr/include/mysql  conftest.c  >&5
configure:15829: $? = 0
configure:15829: result: yes
configure:15829: checking for inet_ntoa
configure:15829: gcc -o conftest -g -O2 -I /usr/include/mysql  conftest.c  >&5
configure:15829: $? = 0
configure:15829: result: yes
configure:15829: checking for memset
configure:15829: gcc -o conftest -g -O2 -I /usr/include/mysql  conftest.c  >&5
conftest.c:65:6: warning: conflicting types for built-in function 'memset' [enabled by default]
 char memset ();
      ^
configure:15829: $? = 0
configure:15829: result: yes
configure:15829: checking for pow
configure:15829: gcc -o conftest -g -O2 -I /usr/include/mysql  conftest.c  >&5
conftest.c:66:6: warning: conflicting types for built-in function 'pow' [enabled by default]
 char pow ();
      ^
/tmp/ccUg0qLH.o: In function `main':
/home/sven/Dokumente/prog/sf/boss-synth-code/boss-3.2.3/conftest.c:77: undefined reference to `pow'
collect2: error: ld returned 1 exit status
configure:15829: $? = 1
configure: failed program was:
| /* confdefs.h */
| #define PACKAGE_NAME "boss"
| #define PACKAGE_TARNAME "boss"
| #define PACKAGE_VERSION "3.00"
| #define PACKAGE_STRING "boss 3.00"
| #define PACKAGE_BUGREPORT "http://www.ikp.uni-bonn.de/boss"
| #define PACKAGE_URL ""
| #define PACKAGE "boss"
| #define VERSION "3.00"
| #define STDC_HEADERS 1
| #define HAVE_SYS_TYPES_H 1
| #define HAVE_SYS_STAT_H 1
| #define HAVE_STDLIB_H 1
| #define HAVE_STRING_H 1
| #define HAVE_MEMORY_H 1
| #define HAVE_STRINGS_H 1
| #define HAVE_INTTYPES_H 1
| #define HAVE_STDINT_H 1
| #define HAVE_UNISTD_H 1
| #define HAVE_DLFCN_H 1
| #define LT_OBJDIR ".libs/"
| #define STDC_HEADERS 1
| #define HAVE_ARPA_INET_H 1
| #define HAVE_LOCALE_H 1
| #define HAVE_NETDB_H 1
| #define HAVE_NETINET_IN_H 1
| #define HAVE_STDLIB_H 1
| #define HAVE_SYS_SOCKET_H 1
| #define HAVE_UNISTD_H 1
| #define HAVE__BOOL 1
| #define HAVE_STDBOOL_H 1
| #define HAVE_STDLIB_H 1
| #define HAVE_MALLOC 1
| #define HAVE_STDLIB_H 1
| #define HAVE_REALLOC 1
| #define RETSIGTYPE void
| #define HAVE_STRFTIME 1
| #define HAVE_GETHOSTBYNAME 1
| #define HAVE_GETHOSTNAME 1
| #define HAVE_INET_NTOA 1
| #define HAVE_MEMSET 1
| /* end confdefs.h.  */
| /* Define pow to an innocuous variant, in case <limits.h> declares pow.
|    For example, HP-UX 11i <limits.h> declares gettimeofday.  */
| #define pow innocuous_pow
| 
| /* System header to define __stub macros and hopefully few prototypes,
|     which can conflict with char pow (); below.
|     Prefer <limits.h> to <assert.h> if __STDC__ is defined, since
|     <limits.h> exists even on freestanding compilers.  */
| 
| #ifdef __STDC__
| # include <limits.h>
| #else
| # include <assert.h>
| #endif
| 
| #undef pow
| 
| /* Override any GCC internal prototype to avoid an error.
|    Use char because int might match the return type of a GCC
|    builtin and then its argument prototype would still apply.  */
| #ifdef __cplusplus
| extern "C"
| #endif
| char pow ();
| /* The GNU C library defines this for functions which it implements
|     to always fail with ENOSYS.  Some functions are actually named
|     something starting with __ and the normal name is an alias.  */
| #if defined __stub_pow || defined __stub___pow
| choke me
| #endif
| 
| int
| main ()
| {
| return pow ();
|   ;
|   return 0;
| }
configure:15829: result: no
configure:15829: checking for regcomp
configure:15829: gcc -o conftest -g -O2 -I /usr/include/mysql  conftest.c  >&5
configure:15829: $? = 0
configure:15829: result: yes
configure:15829: checking for rint
configure:15829: gcc -o conftest -g -O2 -I /usr/include/mysql  conftest.c  >&5
conftest.c:67:6: warning: conflicting types for built-in function 'rint' [enabled by default]
 char rint ();
      ^
/tmp/ccGhpvH7.o: In function `main':
/home/sven/Dokumente/prog/sf/boss-synth-code/boss-3.2.3/conftest.c:78: undefined reference to `rint'
collect2: error: ld returned 1 exit status
configure:15829: $? = 1
configure: failed program was:
| /* confdefs.h */
| #define PACKAGE_NAME "boss"
| #define PACKAGE_TARNAME "boss"
| #define PACKAGE_VERSION "3.00"
| #define PACKAGE_STRING "boss 3.00"
| #define PACKAGE_BUGREPORT "http://www.ikp.uni-bonn.de/boss"
| #define PACKAGE_URL ""
| #define PACKAGE "boss"
| #define VERSION "3.00"
| #define STDC_HEADERS 1
| #define HAVE_SYS_TYPES_H 1
| #define HAVE_SYS_STAT_H 1
| #define HAVE_STDLIB_H 1
| #define HAVE_STRING_H 1
| #define HAVE_MEMORY_H 1
| #define HAVE_STRINGS_H 1
| #define HAVE_INTTYPES_H 1
| #define HAVE_STDINT_H 1
| #define HAVE_UNISTD_H 1
| #define HAVE_DLFCN_H 1
| #define LT_OBJDIR ".libs/"
| #define STDC_HEADERS 1
| #define HAVE_ARPA_INET_H 1
| #define HAVE_LOCALE_H 1
| #define HAVE_NETDB_H 1
| #define HAVE_NETINET_IN_H 1
| #define HAVE_STDLIB_H 1
| #define HAVE_SYS_SOCKET_H 1
| #define HAVE_UNISTD_H 1
| #define HAVE__BOOL 1
| #define HAVE_STDBOOL_H 1
| #define HAVE_STDLIB_H 1
| #define HAVE_MALLOC 1
| #define HAVE_STDLIB_H 1
| #define HAVE_REALLOC 1
| #define RETSIGTYPE void
| #define HAVE_STRFTIME 1
| #define HAVE_GETHOSTBYNAME 1
| #define HAVE_GETHOSTNAME 1
| #define HAVE_INET_NTOA 1
| #define HAVE_MEMSET 1
| #define HAVE_REGCOMP 1
| /* end confdefs.h.  */
| /* Define rint to an innocuous variant, in case <limits.h> declares rint.
|    For example, HP-UX 11i <limits.h> declares gettimeofday.  */
| #define rint innocuous_rint
| 
| /* System header to define __stub macros and hopefully few prototypes,
|     which can conflict with char rint (); below.
|     Prefer <limits.h> to <assert.h> if __STDC__ is defined, since
|     <limits.h> exists even on freestanding compilers.  */
| 
| #ifdef __STDC__
| # include <limits.h>
| #else
| # include <assert.h>
| #endif
| 
| #undef rint
| 
| /* Override any GCC internal prototype to avoid an error.
|    Use char because int might match the return type of a GCC
|    builtin and then its argument prototype would still apply.  */
| #ifdef __cplusplus
| extern "C"
| #endif
| char rint ();
| /* The GNU C library defines this for functions which it implements
|     to always fail with ENOSYS.  Some functions are actually named
|     something starting with __ and the normal name is an alias.  */
| #if defined __stub_rint || defined __stub___rint
| choke me
| #endif
| 
| int
| main ()
| {
| return rint ();
|   ;
|   return 0;
| }
configure:15829: result: no
configure:15829: checking for setlocale
configure:15829: gcc -o conftest -g -O2 -I /usr/include/mysql  conftest.c  >&5
configure:15829: $? = 0
configure:15829: result: yes
configure:15829: checking for socket
configure:15829: gcc -o conftest -g -O2 -I /usr/include/mysql  conftest.c  >&5
configure:15829: $? = 0
configure:15829: result: yes
configure:15829: checking for sqrt
configure:15829: gcc -o conftest -g -O2 -I /usr/include/mysql  conftest.c  >&5
conftest.c:69:6: warning: conflicting types for built-in function 'sqrt' [enabled by default]
 char sqrt ();
      ^
/tmp/ccDSXytC.o: In function `main':
/home/sven/Dokumente/prog/sf/boss-synth-code/boss-3.2.3/conftest.c:80: undefined reference to `sqrt'
collect2: error: ld returned 1 exit status
configure:15829: $? = 1
configure: failed program was:
| /* confdefs.h */
| #define PACKAGE_NAME "boss"
| #define PACKAGE_TARNAME "boss"
| #define PACKAGE_VERSION "3.00"
| #define PACKAGE_STRING "boss 3.00"
| #define PACKAGE_BUGREPORT "http://www.ikp.uni-bonn.de/boss"
| #define PACKAGE_URL ""
| #define PACKAGE "boss"
| #define VERSION "3.00"
| #define STDC_HEADERS 1
| #define HAVE_SYS_TYPES_H 1
| #define HAVE_SYS_STAT_H 1
| #define HAVE_STDLIB_H 1
| #define HAVE_STRING_H 1
| #define HAVE_MEMORY_H 1
| #define HAVE_STRINGS_H 1
| #define HAVE_INTTYPES_H 1
| #define HAVE_STDINT_H 1
| #define HAVE_UNISTD_H 1
| #define HAVE_DLFCN_H 1
| #define LT_OBJDIR ".libs/"
| #define STDC_HEADERS 1
| #define HAVE_ARPA_INET_H 1
| #define HAVE_LOCALE_H 1
| #define HAVE_NETDB_H 1
| #define HAVE_NETINET_IN_H 1
| #define HAVE_STDLIB_H 1
| #define HAVE_SYS_SOCKET_H 1
| #define HAVE_UNISTD_H 1
| #define HAVE__BOOL 1
| #define HAVE_STDBOOL_H 1
| #define HAVE_STDLIB_H 1
| #define HAVE_MALLOC 1
| #define HAVE_STDLIB_H 1
| #define HAVE_REALLOC 1
| #define RETSIGTYPE void
| #define HAVE_STRFTIME 1
| #define HAVE_GETHOSTBYNAME 1
| #define HAVE_GETHOSTNAME 1
| #define HAVE_INET_NTOA 1
| #define HAVE_MEMSET 1
| #define HAVE_REGCOMP 1
| #define HAVE_SETLOCALE 1
| #define HAVE_SOCKET 1
| /* end confdefs.h.  */
| /* Define sqrt to an innocuous variant, in case <limits.h> declares sqrt.
|    For example, HP-UX 11i <limits.h> declares gettimeofday.  */
| #define sqrt innocuous_sqrt
| 
| /* System header to define __stub macros and hopefully few prototypes,
|     which can conflict with char sqrt (); below.
|     Prefer <limits.h> to <assert.h> if __STDC__ is defined, since
|     <limits.h> exists even on freestanding compilers.  */
| 
| #ifdef __STDC__
| # include <limits.h>
| #else
| # include <assert.h>
| #endif
| 
| #undef sqrt
| 
| /* Override any GCC internal prototype to avoid an error.
|    Use char because int might match the return type of a GCC
|    builtin and then its argument prototype would still apply.  */
| #ifdef __cplusplus
| extern "C"
| #endif
| char sqrt ();
| /* The GNU C library defines this for functions which it implements
|     to always fail with ENOSYS.  Some functions are actually named
|     something starting with __ and the normal name is an alias.  */
| #if defined __stub_sqrt || defined __stub___sqrt
| choke me
| #endif
| 
| int
| main ()
| {
| return sqrt ();
|   ;
|   return 0;
| }
configure:15829: result: no
configure:15980: creating ./config.status

## ---------------------- ##
## Running config.status. ##
## ---------------------- ##

This file was extended by boss config.status 3.00, which was
generated by GNU Autoconf 2.69.  Invocation command line was

  CONFIG_FILES    = 
  CONFIG_HEADERS  = 
  CONFIG_LINKS    = 
  CONFIG_COMMANDS = 
  $ ./config.status 

on MINT-PC

config.status:1189: creating Makefile
config.status:1189: creating libraries/Makefile
config.status:1189: creating libraries/tdsp/Makefile
config.status:1189: creating libraries/boss_utility/Makefile
config.status:1189: creating libraries/boss_mysql/Makefile
config.status:1189: creating libraries/boss_cscomm/Makefile
config.status:1189: creating libraries/boss_numbers/Makefile
config.status:1189: creating libraries/boss_context/Makefile
config.status:1189: creating libraries/phimbl/Makefile
config.status:1189: creating libraries/boss_g2p/Makefile
config.status:1189: creating libraries/boss_transcription/Makefile
config.status:1189: creating libraries/boss_cartreader/Makefile
config.status:1189: creating libraries/boss_duration/Makefile
config.status:1189: creating libraries/boss_intonation/Makefile
config.status:1189: creating libraries/boss_unitselection/Makefile
config.status:1189: creating libraries/boss_conman/Makefile
config.status:1189: creating libraries/preproc/Makefile
config.status:1189: creating tools/Makefile
config.status:1189: creating tools/traing2p/Makefile
config.status:1189: creating tools/blf2xml/Makefile
config.status:1189: creating tools/optbounds/Makefile
config.status:1189: creating tools/addcontext/Makefile
config.status:1189: creating tools/addphrases/Makefile
config.status:1189: creating tools/addhp/Makefile
config.status:1189: creating tools/alignflag/Makefile
config.status:1189: creating tools/melbounds/Makefile
config.status:1189: creating tools/addf0/Makefile
config.status:1189: creating tools/blfxml2db/Makefile
config.status:1189: creating tools/blf2db/Makefile
config.status:1189: creating synthesis/Makefile
config.status:1189: creating synthesis/boss_server/Makefile
config.status:1189: creating synthesis/boss_client/Makefile
config.status:1189: creating config.h
config.status:1370: config.h is unchanged
config.status:1418: executing depfiles commands
config.status:1418: executing libtool commands

## ---------------- ##
## Cache variables. ##
## ---------------- ##

ac_cv_build=x86_64-unknown-linux-gnu
ac_cv_c_compiler_gnu=yes
ac_cv_c_const=yes
ac_cv_c_inline=inline
ac_cv_cxx_compiler_gnu=yes
ac_cv_env_CCC_set=
ac_cv_env_CCC_value=
ac_cv_env_CC_set=
ac_cv_env_CC_value=
ac_cv_env_CFLAGS_set=
ac_cv_env_CFLAGS_value=
ac_cv_env_CPPFLAGS_set=
ac_cv_env_CPPFLAGS_value=
ac_cv_env_CPP_set=
ac_cv_env_CPP_value=
ac_cv_env_CXXCPP_set=
ac_cv_env_CXXCPP_value=
ac_cv_env_CXXFLAGS_set=
ac_cv_env_CXXFLAGS_value=
ac_cv_env_CXX_set=
ac_cv_env_CXX_value=
ac_cv_env_LDFLAGS_set=
ac_cv_env_LDFLAGS_value=
ac_cv_env_LIBS_set=
ac_cv_env_LIBS_value=
ac_cv_env_YACC_set=
ac_cv_env_YACC_value=
ac_cv_env_YFLAGS_set=
ac_cv_env_YFLAGS_value=
ac_cv_env_build_alias_set=
ac_cv_env_build_alias_value=
ac_cv_env_host_alias_set=
ac_cv_env_host_alias_value=
ac_cv_env_target_alias_set=
ac_cv_env_target_alias_value=
ac_cv_func_dlopen=no
ac_cv_func_floor=no
ac_cv_func_gethostbyname=yes
ac_cv_func_gethostname=yes
ac_cv_func_inet_ntoa=yes
ac_cv_func_malloc_0_nonnull=yes
ac_cv_func_memset=yes
ac_cv_func_pow=no
ac_cv_func_realloc_0_nonnull=yes
ac_cv_func_regcomp=yes
ac_cv_func_rint=no
ac_cv_func_setlocale=yes
ac_cv_func_shl_load=no
ac_cv_func_socket=yes
ac_cv_func_sqrt=no
ac_cv_func_strftime=yes
ac_cv_header_arpa_inet_h=yes
ac_cv_header_dlfcn_h=yes
ac_cv_header_inttypes_h=yes
ac_cv_header_locale_h=yes
ac_cv_header_memory_h=yes
ac_cv_header_netdb_h=yes
ac_cv_header_netinet_in_h=yes
ac_cv_header_stdbool_h=yes
ac_cv_header_stdc=yes
ac_cv_header_stdint_h=yes
ac_cv_header_stdlib_h=yes
ac_cv_header_string_h=yes
ac_cv_header_strings_h=yes
ac_cv_header_sys_socket_h=yes
ac_cv_header_sys_stat_h=yes
ac_cv_header_sys_types_h=yes
ac_cv_header_unistd_h=yes
ac_cv_host=x86_64-unknown-linux-gnu
ac_cv_lib_c_accept=yes
ac_cv_lib_dl_dlopen=yes
ac_cv_lib_dld_shl_load=no
ac_cv_lib_error_at_line=yes
ac_cv_lib_gz_deflate=no
ac_cv_lib_ltdl_lt_dlopen=yes
ac_cv_lib_m_round=yes
ac_cv_lib_mysqlclient_mysql_fetch_row=yes
ac_cv_lib_nsl_gethostbyname=yes
ac_cv_lib_pcre_pcre_dfa_exec=yes
ac_cv_lib_pthread_pthread_create=yes
ac_cv_lib_xerces_c_main=yes
ac_cv_lib_z_deflate=yes
ac_cv_objext=o
ac_cv_path_EGREP='/bin/grep -E'
ac_cv_path_FGREP='/bin/grep -F'
ac_cv_path_GREP=/bin/grep
ac_cv_path_SED=/bin/sed
ac_cv_path_install='/usr/bin/install -c'
ac_cv_path_mkdir=/bin/mkdir
ac_cv_prog_AWK=gawk
ac_cv_prog_CPP='gcc -E'
ac_cv_prog_CXXCPP='g++ -E'
ac_cv_prog_ac_ct_AR=ar
ac_cv_prog_ac_ct_CC=gcc
ac_cv_prog_ac_ct_CXX=g++
ac_cv_prog_ac_ct_OBJDUMP=objdump
ac_cv_prog_ac_ct_RANLIB=ranlib
ac_cv_prog_ac_ct_STRIP=strip
ac_cv_prog_cc_c89=
ac_cv_prog_cc_g=yes
ac_cv_prog_cxx_g=yes
ac_cv_prog_make_make_set=yes
ac_cv_struct_tm=time.h
ac_cv_type__Bool=yes
ac_cv_type_signal=void
ac_cv_type_size_t=yes
am_cv_CC_dependencies_compiler_type=gcc3
am_cv_CXX_dependencies_compiler_type=gcc3
lt_cv_deplibs_check_method=pass_all
lt_cv_dlopen=dlopen
lt_cv_dlopen_libs=-ldl
lt_cv_dlopen_self=yes
lt_cv_dlopen_self_static=no
lt_cv_file_magic_cmd='$MAGIC_CMD'
lt_cv_file_magic_test_file=
lt_cv_ld_reload_flag=-r
lt_cv_nm_interface='BSD nm'
lt_cv_objdir=.libs
lt_cv_path_LD=/usr/bin/ld
lt_cv_path_LDCXX='/usr/bin/ld -m elf_x86_64'
lt_cv_path_NM='/usr/bin/nm -B'
lt_cv_prog_compiler_c_o=yes
lt_cv_prog_compiler_c_o_CXX=yes
lt_cv_prog_compiler_pic_works=yes
lt_cv_prog_compiler_pic_works_CXX=yes
lt_cv_prog_compiler_rtti_exceptions=no
lt_cv_prog_compiler_static_works=yes
lt_cv_prog_compiler_static_works_CXX=yes
lt_cv_prog_gnu_ld=yes
lt_cv_prog_gnu_ldcxx=yes
lt_cv_sys_global_symbol_pipe='sed -n -e '\''s/^.*[	 ]\([ABCDGIRSTW][ABCDGIRSTW]*\)[	 ][	 ]*\([_A-Za-z][_A-Za-z0-9]*\)$/\1 \2 \2/p'\'''
lt_cv_sys_global_symbol_to_c_name_address='sed -n -e '\''s/^: \([^ ]*\) $/  {\"\1\", (void *) 0},/p'\'' -e '\''s/^[ABCDGIRSTW]* \([^ ]*\) \([^ ]*\)$/  {"\2", (void *) \&\2},/p'\'''
lt_cv_sys_global_symbol_to_c_name_address_lib_prefix='sed -n -e '\''s/^: \([^ ]*\) $/  {\"\1\", (void *) 0},/p'\'' -e '\''s/^[ABCDGIRSTW]* \([^ ]*\) \(lib[^ ]*\)$/  {"\2", (void *) \&\2},/p'\'' -e '\''s/^[ABCDGIRSTW]* \([^ ]*\) \([^ ]*\)$/  {"lib\2", (void *) \&\2},/p'\'''
lt_cv_sys_global_symbol_to_cdecl='sed -n -e '\''s/^T .* \(.*\)$/extern int \1();/p'\'' -e '\''s/^[ABCDGIRSTW]* .* \(.*\)$/extern char \1;/p'\'''
lt_cv_sys_max_cmd_len=1572864

## ----------------- ##
## Output variables. ##
## ----------------- ##

ACLOCAL='${SHELL} /home/sven/Dokumente/prog/sf/boss-synth-code/boss-3.2.3/config/missing --run aclocal-1.11'
AMDEPBACKSLASH='\'
AMDEP_FALSE='#'
AMDEP_TRUE=''
AMTAR='${SHELL} /home/sven/Dokumente/prog/sf/boss-synth-code/boss-3.2.3/config/missing --run tar'
AR='ar'
AUTOCONF='${SHELL} /home/sven/Dokumente/prog/sf/boss-synth-code/boss-3.2.3/config/missing --run autoconf'
AUTOHEADER='${SHELL} /home/sven/Dokumente/prog/sf/boss-synth-code/boss-3.2.3/config/missing --run autoheader'
AUTOMAKE='${SHELL} /home/sven/Dokumente/prog/sf/boss-synth-code/boss-3.2.3/config/missing --run automake-1.11'
AWK='gawk'
CC='gcc'
CCDEPMODE='depmode=gcc3'
CFLAGS='-g -O2'
CPP='gcc -E'
CPPFLAGS='-I /usr/include/mysql'
CXX='g++'
CXXCPP='g++ -E'
CXXDEPMODE='depmode=gcc3'
CXXFLAGS='-g -O2'
CYGPATH_W='echo'
DEFS='-DHAVE_CONFIG_H'
DEPDIR='.deps'
DSYMUTIL=''
DUMPBIN=''
ECHO_C=''
ECHO_N='-n'
ECHO_T=''
EGREP='/bin/grep -E'
EXEEXT=''
FGREP='/bin/grep -F'
GREP='/bin/grep'
INSTALL_DATA='${INSTALL} -m 644'
INSTALL_PROGRAM='${INSTALL}'
INSTALL_SCRIPT='${INSTALL}'
INSTALL_STRIP_PROGRAM='$(install_sh) -c -s'
LD='/usr/bin/ld -m elf_x86_64'
LDFLAGS=''
LEX='${SHELL} /home/sven/Dokumente/prog/sf/boss-synth-code/boss-3.2.3/config/missing --run flex'
LEXLIB=''
LEX_OUTPUT_ROOT=''
LIBOBJS=''
LIBS=''
LIBTOOL='$(SHELL) $(top_builddir)/libtool'
LIB_GZ='-lz'
LIB_LTDL='-lltdl'
LIB_M='-lm'
LIB_MYSQLCLIENT='-lmysqlclient'
LIB_NSL='-lnsl'
LIB_PCRE='-lpcre'
LIB_PTHREAD='-lpthread'
LIB_SOCKET=''
LIB_XERCES_C='-lxerces-c'
LIPO=''
LN_S='ln -s'
LTLIBOBJS=''
MAKEINFO='${SHELL} /home/sven/Dokumente/prog/sf/boss-synth-code/boss-3.2.3/config/missing --run makeinfo'
MKDIR_P='/bin/mkdir -p'
NM='/usr/bin/nm -B'
NMEDIT=''
OBJDUMP='objdump'
OBJEXT='o'
OTOOL64=''
OTOOL=''
PACKAGE='boss'
PACKAGE_BUGREPORT='http://www.ikp.uni-bonn.de/boss'
PACKAGE_NAME='boss'
PACKAGE_STRING='boss 3.00'
PACKAGE_TARNAME='boss'
PACKAGE_URL=''
PACKAGE_VERSION='3.00'
PATH_SEPARATOR=':'
RANLIB='ranlib'
SED='/bin/sed'
SET_MAKE=''
SHELL='/bin/bash'
STRIP='strip'
VERSION='3.00'
YACC='yacc'
YFLAGS=''
ac_ct_CC='gcc'
ac_ct_CXX='g++'
ac_ct_DUMPBIN=''
am__EXEEXT_FALSE=''
am__EXEEXT_TRUE='#'
am__fastdepCC_FALSE='#'
am__fastdepCC_TRUE=''
am__fastdepCXX_FALSE='#'
am__fastdepCXX_TRUE=''
am__include='include'
am__isrc=''
am__leading_dot='.'
am__quote=''
am__tar='${AMTAR} chof - "$$tardir"'
am__untar='${AMTAR} xf -'
bindir='${exec_prefix}/bin'
build='x86_64-unknown-linux-gnu'
build_alias=''
build_cpu='x86_64'
build_os='linux-gnu'
build_vendor='unknown'
datadir='${datarootdir}'
datarootdir='${prefix}/share'
docdir='${datarootdir}/doc/${PACKAGE_TARNAME}'
dvidir='${docdir}'
exec_prefix='${prefix}'
host='x86_64-unknown-linux-gnu'
host_alias=''
host_cpu='x86_64'
host_os='linux-gnu'
host_vendor='unknown'
htmldir='${docdir}'
includedir='${prefix}/include'
infodir='${datarootdir}/info'
install_sh='${SHELL} /home/sven/Dokumente/prog/sf/boss-synth-code/boss-3.2.3/config/install-sh'
libdir='${exec_prefix}/lib'
libexecdir='${exec_prefix}/libexec'
localedir='${datarootdir}/locale'
localstatedir='${prefix}/var'
lt_ECHO='echo'
mandir='${datarootdir}/man'
mkdir_p='/bin/mkdir -p'
oldincludedir='/usr/include'
pdfdir='${docdir}'
prefix='/usr/local'
program_transform_name='s,x,x,'
psdir='${docdir}'
sbindir='${exec_prefix}/sbin'
sharedstatedir='${prefix}/com'
sysconfdir='${prefix}/etc'
target_alias=''

## ----------- ##
## confdefs.h. ##
## ----------- ##

/* confdefs.h */
#define PACKAGE_NAME "boss"
#define PACKAGE_TARNAME "boss"
#define PACKAGE_VERSION "3.00"
#define PACKAGE_STRING "boss 3.00"
#define PACKAGE_BUGREPORT "http://www.ikp.uni-bonn.de/boss"
#define PACKAGE_URL ""
#define PACKAGE "boss"
#define VERSION "3.00"
#define STDC_HEADERS 1
#define HAVE_SYS_TYPES_H 1
#define HAVE_SYS_STAT_H 1
#define HAVE_STDLIB_H 1
#define HAVE_STRING_H 1
#define HAVE_MEMORY_H 1
#define HAVE_STRINGS_H 1
#define HAVE_INTTYPES_H 1
#define HAVE_STDINT_H 1
#define HAVE_UNISTD_H 1
#define HAVE_DLFCN_H 1
#define LT_OBJDIR ".libs/"
#define STDC_HEADERS 1
#define HAVE_ARPA_INET_H 1
#define HAVE_LOCALE_H 1
#define HAVE_NETDB_H 1
#define HAVE_NETINET_IN_H 1
#define HAVE_STDLIB_H 1
#define HAVE_SYS_SOCKET_H 1
#define HAVE_UNISTD_H 1
#define HAVE__BOOL 1
#define HAVE_STDBOOL_H 1
#define HAVE_STDLIB_H 1
#define HAVE_MALLOC 1
#define HAVE_STDLIB_H 1
#define HAVE_REALLOC 1
#define RETSIGTYPE void
#define HAVE_STRFTIME 1
#define HAVE_GETHOSTBYNAME 1
#define HAVE_GETHOSTNAME 1
#define HAVE_INET_NTOA 1
#define HAVE_MEMSET 1
#define HAVE_REGCOMP 1
#define HAVE_SETLOCALE 1
#define HAVE_SOCKET 1

configure: exit 0

## ---------------------- ##
## Running config.status. ##
## ---------------------- ##

This file was extended by boss config.status 3.00, which was
generated by GNU Autoconf 2.69.  Invocation command line was

  CONFIG_FILES    = 
  CONFIG_HEADERS  = 
  CONFIG_LINKS    = 
  CONFIG_COMMANDS = 
  $ ./config.status tools/blf2db/Makefile depfiles

on MINT-PC

config.status:1189: creating tools/blf2db/Makefile
config.status:1418: executing depfiles commands
